<?xml version="1.0" encoding="UTF-8"?>
<coverage generated="1762844805999" clover="3.2.0">
  <project timestamp="1762844805999" name="All files">
    <metrics statements="81" coveredstatements="71" conditionals="22" coveredconditionals="16" methods="21" coveredmethods="21" elements="124" coveredelements="108" complexity="0" loc="81" ncloc="81" packages="2" files="3" classes="3"/>
    <package name="models">
      <metrics statements="65" coveredstatements="55" conditionals="22" coveredconditionals="16" methods="19" coveredmethods="19"/>
      <file name="db.js" path="/Users/meenu/Desktop/MCA/year ii/sem iii/internship/chinese-whispers/src/models/db.js">
        <metrics statements="8" coveredstatements="7" conditionals="2" coveredconditionals="1" methods="1" coveredmethods="1"/>
        <line num="1" count="1" type="stmt"/>
        <line num="2" count="1" type="stmt"/>
        <line num="5" count="1" type="stmt"/>
        <line num="9" count="1" type="stmt"/>
        <line num="10" count="1" type="cond" truecount="1" falsecount="1"/>
        <line num="11" count="0" type="stmt"/>
        <line num="13" count="1" type="stmt"/>
        <line num="16" count="1" type="stmt"/>
      </file>
      <file name="tokenModels.js" path="/Users/meenu/Desktop/MCA/year ii/sem iii/internship/chinese-whispers/src/models/tokenModels.js">
        <metrics statements="57" coveredstatements="48" conditionals="20" coveredconditionals="15" methods="18" coveredmethods="18"/>
        <line num="1" count="1" type="stmt"/>
        <line num="2" count="1" type="stmt"/>
        <line num="4" count="1" type="stmt"/>
        <line num="6" count="1" type="stmt"/>
        <line num="8" count="1" type="cond" truecount="1" falsecount="1"/>
        <line num="9" count="0" type="stmt"/>
        <line num="13" count="9" type="stmt"/>
        <line num="14" count="9" type="stmt"/>
        <line num="15" count="9" type="stmt"/>
        <line num="16" count="9" type="cond" truecount="1" falsecount="1"/>
        <line num="17" count="0" type="stmt"/>
        <line num="18" count="0" type="stmt"/>
        <line num="20" count="221" type="stmt"/>
        <line num="30" count="9" type="stmt"/>
        <line num="37" count="21" type="stmt"/>
        <line num="38" count="21" type="cond" truecount="4" falsecount="0"/>
        <line num="39" count="2" type="stmt"/>
        <line num="40" count="2" type="stmt"/>
        <line num="42" count="70" type="stmt"/>
        <line num="44" count="19" type="stmt"/>
        <line num="46" count="19" type="stmt"/>
        <line num="47" count="19" type="cond" truecount="1" falsecount="1"/>
        <line num="48" count="0" type="stmt"/>
        <line num="49" count="0" type="stmt"/>
        <line num="51" count="66" type="stmt"/>
        <line num="60" count="19" type="stmt"/>
        <line num="67" count="6" type="stmt"/>
        <line num="68" count="6" type="stmt"/>
        <line num="69" count="5" type="stmt"/>
        <line num="70" count="5" type="stmt"/>
        <line num="80" count="5" type="stmt"/>
        <line num="81" count="5" type="cond" truecount="1" falsecount="1"/>
        <line num="82" count="0" type="stmt"/>
        <line num="83" count="0" type="stmt"/>
        <line num="85" count="5" type="cond" truecount="2" falsecount="0"/>
        <line num="86" count="1" type="stmt"/>
        <line num="88" count="5" type="stmt"/>
        <line num="94" count="95" type="stmt"/>
        <line num="95" count="95" type="stmt"/>
        <line num="96" count="94" type="stmt"/>
        <line num="97" count="94" type="stmt"/>
        <line num="105" count="94" type="stmt"/>
        <line num="106" count="94" type="cond" truecount="2" falsecount="0"/>
        <line num="107" count="1" type="stmt"/>
        <line num="108" count="1" type="stmt"/>
        <line num="110" count="93" type="stmt"/>
        <line num="119" count="102" type="stmt"/>
        <line num="120" count="102" type="stmt"/>
        <line num="121" count="102" type="stmt"/>
        <line num="122" count="102" type="cond" truecount="1" falsecount="1"/>
        <line num="123" count="0" type="stmt"/>
        <line num="124" count="0" type="stmt"/>
        <line num="126" count="102" type="cond" truecount="2" falsecount="0"/>
        <line num="127" count="9" type="stmt"/>
        <line num="128" count="9" type="stmt"/>
        <line num="130" count="93" type="stmt"/>
        <line num="135" count="1" type="stmt"/>
      </file>
    </package>
    <package name="utils">
      <metrics statements="16" coveredstatements="16" conditionals="0" coveredconditionals="0" methods="2" coveredmethods="2"/>
      <file name="encryption.js" path="/Users/meenu/Desktop/MCA/year ii/sem iii/internship/chinese-whispers/src/utils/encryption.js">
        <metrics statements="16" coveredstatements="16" conditionals="0" coveredconditionals="0" methods="2" coveredmethods="2"/>
        <line num="1" count="1" type="stmt"/>
        <line num="3" count="1" type="stmt"/>
        <line num="4" count="101" type="stmt"/>
        <line num="5" count="101" type="stmt"/>
        <line num="10" count="101" type="stmt"/>
        <line num="11" count="99" type="stmt"/>
        <line num="12" count="99" type="stmt"/>
        <line num="14" count="99" type="stmt"/>
        <line num="18" count="1" type="stmt"/>
        <line num="19" count="66" type="stmt"/>
        <line num="20" count="66" type="stmt"/>
        <line num="26" count="66" type="stmt"/>
        <line num="28" count="66" type="stmt"/>
        <line num="29" count="66" type="stmt"/>
        <line num="31" count="66" type="stmt"/>
        <line num="34" count="1" type="stmt"/>
      </file>
    </package>
  </project>
</coverage>
