{"/Users/meenu/Desktop/MCA/year ii/sem iii/internship/chinese-whispers/src/models/db.js": {"path":"/Users/meenu/Desktop/MCA/year ii/sem iii/internship/chinese-whispers/src/models/db.js","statementMap":{"0":{"start":{"line":1,"column":16},"end":{"line":1,"column":44}},"1":{"start":{"line":2,"column":13},"end":{"line":2,"column":28}},"2":{"start":{"line":5,"column":15},"end":{"line":5,"column":64}},"3":{"start":{"line":9,"column":11},"end":{"line":15,"column":2}},"4":{"start":{"line":10,"column":4},"end":{"line":14,"column":5}},"5":{"start":{"line":11,"column":8},"end":{"line":11,"column":57}},"6":{"start":{"line":13,"column":8},"end":{"line":13,"column":55}},"7":{"start":{"line":16,"column":0},"end":{"line":16,"column":20}}},"fnMap":{"0":{"name":"(anonymous_0)","decl":{"start":{"line":9,"column":40},"end":{"line":9,"column":41}},"loc":{"start":{"line":9,"column":49},"end":{"line":15,"column":1}},"line":9}},"branchMap":{"0":{"loc":{"start":{"line":10,"column":4},"end":{"line":14,"column":5}},"type":"if","locations":[{"start":{"line":10,"column":4},"end":{"line":14,"column":5}},{"start":{"line":12,"column":11},"end":{"line":14,"column":5}}],"line":10}},"s":{"0":1,"1":1,"2":1,"3":1,"4":1,"5":0,"6":1,"7":1},"f":{"0":1},"b":{"0":[0,1]},"_coverageSchema":"1a1c01bbd47fc00a2c39e90264f33305004495a9","hash":"492039aeac69827438824c6e679045d5f43f3ed1"}
,"/Users/meenu/Desktop/MCA/year ii/sem iii/internship/chinese-whispers/src/models/tokenModels.js": {"path":"/Users/meenu/Desktop/MCA/year ii/sem iii/internship/chinese-whispers/src/models/tokenModels.js","statementMap":{"0":{"start":{"line":1,"column":11},"end":{"line":1,"column":26}},"1":{"start":{"line":4,"column":4},"end":{"line":23,"column":7}},"2":{"start":{"line":5,"column":20},"end":{"line":5,"column":46}},"3":{"start":{"line":6,"column":8},"end":{"line":22,"column":11}},"4":{"start":{"line":7,"column":12},"end":{"line":10,"column":13}},"5":{"start":{"line":8,"column":16},"end":{"line":8,"column":28}},"6":{"start":{"line":9,"column":16},"end":{"line":9,"column":23}},"7":{"start":{"line":11,"column":27},"end":{"line":19,"column":15}},"8":{"start":{"line":11,"column":44},"end":{"line":19,"column":13}},"9":{"start":{"line":21,"column":12},"end":{"line":21,"column":28}},"10":{"start":{"line":27,"column":4},"end":{"line":49,"column":7}},"11":{"start":{"line":28,"column":20},"end":{"line":28,"column":156}},"12":{"start":{"line":29,"column":23},"end":{"line":37,"column":9}},"13":{"start":{"line":39,"column":8},"end":{"line":48,"column":11}},"14":{"start":{"line":40,"column":12},"end":{"line":43,"column":13}},"15":{"start":{"line":41,"column":16},"end":{"line":41,"column":28}},"16":{"start":{"line":42,"column":16},"end":{"line":42,"column":23}},"17":{"start":{"line":44,"column":12},"end":{"line":46,"column":13}},"18":{"start":{"line":45,"column":16},"end":{"line":45,"column":67}},"19":{"start":{"line":47,"column":12},"end":{"line":47,"column":52}},"20":{"start":{"line":53,"column":4},"end":{"line":73,"column":7}},"21":{"start":{"line":54,"column":20},"end":{"line":54,"column":147}},"22":{"start":{"line":55,"column":23},"end":{"line":62,"column":9}},"23":{"start":{"line":63,"column":8},"end":{"line":72,"column":11}},"24":{"start":{"line":64,"column":12},"end":{"line":67,"column":13}},"25":{"start":{"line":65,"column":16},"end":{"line":65,"column":28}},"26":{"start":{"line":66,"column":16},"end":{"line":66,"column":23}},"27":{"start":{"line":68,"column":12},"end":{"line":71,"column":15}},"28":{"start":{"line":77,"column":4},"end":{"line":90,"column":7}},"29":{"start":{"line":78,"column":20},"end":{"line":78,"column":57}},"30":{"start":{"line":79,"column":8},"end":{"line":89,"column":11}},"31":{"start":{"line":80,"column":12},"end":{"line":83,"column":13}},"32":{"start":{"line":81,"column":16},"end":{"line":81,"column":28}},"33":{"start":{"line":82,"column":16},"end":{"line":82,"column":23}},"34":{"start":{"line":84,"column":12},"end":{"line":87,"column":13}},"35":{"start":{"line":85,"column":16},"end":{"line":85,"column":67}},"36":{"start":{"line":86,"column":16},"end":{"line":86,"column":23}},"37":{"start":{"line":88,"column":12},"end":{"line":88,"column":55}},"38":{"start":{"line":93,"column":0},"end":{"line":98,"column":1}}},"fnMap":{"0":{"name":"getTokens","decl":{"start":{"line":3,"column":9},"end":{"line":3,"column":18}},"loc":{"start":{"line":3,"column":21},"end":{"line":24,"column":1}},"line":3},"1":{"name":"(anonymous_1)","decl":{"start":{"line":4,"column":23},"end":{"line":4,"column":24}},"loc":{"start":{"line":4,"column":44},"end":{"line":23,"column":5}},"line":4},"2":{"name":"(anonymous_2)","decl":{"start":{"line":6,"column":24},"end":{"line":6,"column":25}},"loc":{"start":{"line":6,"column":39},"end":{"line":22,"column":9}},"line":6},"3":{"name":"(anonymous_3)","decl":{"start":{"line":11,"column":36},"end":{"line":11,"column":37}},"loc":{"start":{"line":11,"column":44},"end":{"line":19,"column":13}},"line":11},"4":{"name":"updateToken","decl":{"start":{"line":26,"column":9},"end":{"line":26,"column":20}},"loc":{"start":{"line":26,"column":34},"end":{"line":50,"column":1}},"line":26},"5":{"name":"(anonymous_5)","decl":{"start":{"line":27,"column":23},"end":{"line":27,"column":24}},"loc":{"start":{"line":27,"column":44},"end":{"line":49,"column":5}},"line":27},"6":{"name":"(anonymous_6)","decl":{"start":{"line":39,"column":28},"end":{"line":39,"column":29}},"loc":{"start":{"line":39,"column":42},"end":{"line":48,"column":9}},"line":39},"7":{"name":"addToken","decl":{"start":{"line":52,"column":9},"end":{"line":52,"column":17}},"loc":{"start":{"line":52,"column":29},"end":{"line":74,"column":1}},"line":52},"8":{"name":"(anonymous_8)","decl":{"start":{"line":53,"column":23},"end":{"line":53,"column":24}},"loc":{"start":{"line":53,"column":44},"end":{"line":73,"column":5}},"line":53},"9":{"name":"(anonymous_9)","decl":{"start":{"line":63,"column":28},"end":{"line":63,"column":29}},"loc":{"start":{"line":63,"column":42},"end":{"line":72,"column":9}},"line":63},"10":{"name":"deleteToken","decl":{"start":{"line":76,"column":9},"end":{"line":76,"column":20}},"loc":{"start":{"line":76,"column":25},"end":{"line":91,"column":1}},"line":76},"11":{"name":"(anonymous_11)","decl":{"start":{"line":77,"column":23},"end":{"line":77,"column":24}},"loc":{"start":{"line":77,"column":44},"end":{"line":90,"column":5}},"line":77},"12":{"name":"(anonymous_12)","decl":{"start":{"line":79,"column":26},"end":{"line":79,"column":27}},"loc":{"start":{"line":79,"column":40},"end":{"line":89,"column":9}},"line":79}},"branchMap":{"0":{"loc":{"start":{"line":7,"column":12},"end":{"line":10,"column":13}},"type":"if","locations":[{"start":{"line":7,"column":12},"end":{"line":10,"column":13}},{"start":{},"end":{}}],"line":7},"1":{"loc":{"start":{"line":40,"column":12},"end":{"line":43,"column":13}},"type":"if","locations":[{"start":{"line":40,"column":12},"end":{"line":43,"column":13}},{"start":{},"end":{}}],"line":40},"2":{"loc":{"start":{"line":44,"column":12},"end":{"line":46,"column":13}},"type":"if","locations":[{"start":{"line":44,"column":12},"end":{"line":46,"column":13}},{"start":{},"end":{}}],"line":44},"3":{"loc":{"start":{"line":64,"column":12},"end":{"line":67,"column":13}},"type":"if","locations":[{"start":{"line":64,"column":12},"end":{"line":67,"column":13}},{"start":{},"end":{}}],"line":64},"4":{"loc":{"start":{"line":80,"column":12},"end":{"line":83,"column":13}},"type":"if","locations":[{"start":{"line":80,"column":12},"end":{"line":83,"column":13}},{"start":{},"end":{}}],"line":80},"5":{"loc":{"start":{"line":84,"column":12},"end":{"line":87,"column":13}},"type":"if","locations":[{"start":{"line":84,"column":12},"end":{"line":87,"column":13}},{"start":{},"end":{}}],"line":84}},"s":{"0":1,"1":8,"2":8,"3":8,"4":8,"5":0,"6":0,"7":8,"8":158,"9":8,"10":4,"11":4,"12":4,"13":4,"14":4,"15":0,"16":0,"17":4,"18":1,"19":4,"20":15,"21":15,"22":15,"23":15,"24":15,"25":0,"26":0,"27":15,"28":23,"29":23,"30":23,"31":23,"32":0,"33":0,"34":23,"35":8,"36":8,"37":15,"38":1},"f":{"0":8,"1":8,"2":8,"3":158,"4":4,"5":4,"6":4,"7":15,"8":15,"9":15,"10":23,"11":23,"12":23},"b":{"0":[0,8],"1":[0,4],"2":[1,3],"3":[0,15],"4":[0,23],"5":[8,15]},"_coverageSchema":"1a1c01bbd47fc00a2c39e90264f33305004495a9","hash":"2e9efc0a13351ea4ba1b9517e0af382a41cd3150"}
}
