{"/Users/meenu/Desktop/MCA/year ii/sem iii/internship/chinese-whispers/src/models/db.js": {"path":"/Users/meenu/Desktop/MCA/year ii/sem iii/internship/chinese-whispers/src/models/db.js","statementMap":{"0":{"start":{"line":1,"column":16},"end":{"line":1,"column":44}},"1":{"start":{"line":2,"column":13},"end":{"line":2,"column":28}},"2":{"start":{"line":5,"column":15},"end":{"line":5,"column":64}},"3":{"start":{"line":9,"column":11},"end":{"line":15,"column":2}},"4":{"start":{"line":10,"column":4},"end":{"line":14,"column":5}},"5":{"start":{"line":11,"column":8},"end":{"line":11,"column":57}},"6":{"start":{"line":13,"column":8},"end":{"line":13,"column":55}},"7":{"start":{"line":16,"column":0},"end":{"line":16,"column":20}}},"fnMap":{"0":{"name":"(anonymous_0)","decl":{"start":{"line":9,"column":40},"end":{"line":9,"column":41}},"loc":{"start":{"line":9,"column":49},"end":{"line":15,"column":1}},"line":9}},"branchMap":{"0":{"loc":{"start":{"line":10,"column":4},"end":{"line":14,"column":5}},"type":"if","locations":[{"start":{"line":10,"column":4},"end":{"line":14,"column":5}},{"start":{"line":12,"column":11},"end":{"line":14,"column":5}}],"line":10}},"s":{"0":1,"1":1,"2":1,"3":1,"4":1,"5":0,"6":1,"7":1},"f":{"0":1},"b":{"0":[0,1]},"_coverageSchema":"1a1c01bbd47fc00a2c39e90264f33305004495a9","hash":"492039aeac69827438824c6e679045d5f43f3ed1"}
,"/Users/meenu/Desktop/MCA/year ii/sem iii/internship/chinese-whispers/src/models/tokenModels.js": {"path":"/Users/meenu/Desktop/MCA/year ii/sem iii/internship/chinese-whispers/src/models/tokenModels.js","statementMap":{"0":{"start":{"line":1,"column":11},"end":{"line":1,"column":26}},"1":{"start":{"line":2,"column":29},"end":{"line":2,"column":59}},"2":{"start":{"line":4,"column":0},"end":{"line":4,"column":27}},"3":{"start":{"line":6,"column":23},"end":{"line":6,"column":49}},"4":{"start":{"line":8,"column":0},"end":{"line":10,"column":1}},"5":{"start":{"line":9,"column":4},"end":{"line":9,"column":73}},"6":{"start":{"line":13,"column":4},"end":{"line":32,"column":7}},"7":{"start":{"line":14,"column":20},"end":{"line":14,"column":46}},"8":{"start":{"line":15,"column":8},"end":{"line":31,"column":11}},"9":{"start":{"line":16,"column":12},"end":{"line":19,"column":13}},"10":{"start":{"line":17,"column":16},"end":{"line":17,"column":28}},"11":{"start":{"line":18,"column":16},"end":{"line":18,"column":23}},"12":{"start":{"line":20,"column":27},"end":{"line":28,"column":15}},"13":{"start":{"line":20,"column":44},"end":{"line":28,"column":13}},"14":{"start":{"line":30,"column":12},"end":{"line":30,"column":28}},"15":{"start":{"line":37,"column":4},"end":{"line":62,"column":6}},"16":{"start":{"line":38,"column":8},"end":{"line":41,"column":9}},"17":{"start":{"line":39,"column":12},"end":{"line":39,"column":24}},"18":{"start":{"line":40,"column":12},"end":{"line":40,"column":19}},"19":{"start":{"line":42,"column":29},"end":{"line":42,"column":57}},"20":{"start":{"line":42,"column":43},"end":{"line":42,"column":46}},"21":{"start":{"line":44,"column":20},"end":{"line":44,"column":76}},"22":{"start":{"line":46,"column":8},"end":{"line":61,"column":10}},"23":{"start":{"line":47,"column":12},"end":{"line":50,"column":13}},"24":{"start":{"line":48,"column":16},"end":{"line":48,"column":28}},"25":{"start":{"line":49,"column":16},"end":{"line":49,"column":23}},"26":{"start":{"line":51,"column":27},"end":{"line":59,"column":15}},"27":{"start":{"line":51,"column":44},"end":{"line":59,"column":13}},"28":{"start":{"line":60,"column":12},"end":{"line":60,"column":28}},"29":{"start":{"line":67,"column":4},"end":{"line":90,"column":7}},"30":{"start":{"line":68,"column":31},"end":{"line":68,"column":74}},"31":{"start":{"line":69,"column":20},"end":{"line":69,"column":156}},"32":{"start":{"line":70,"column":23},"end":{"line":78,"column":9}},"33":{"start":{"line":80,"column":8},"end":{"line":89,"column":11}},"34":{"start":{"line":81,"column":12},"end":{"line":84,"column":13}},"35":{"start":{"line":82,"column":16},"end":{"line":82,"column":28}},"36":{"start":{"line":83,"column":16},"end":{"line":83,"column":23}},"37":{"start":{"line":85,"column":12},"end":{"line":87,"column":13}},"38":{"start":{"line":86,"column":16},"end":{"line":86,"column":67}},"39":{"start":{"line":88,"column":12},"end":{"line":88,"column":52}},"40":{"start":{"line":94,"column":4},"end":{"line":115,"column":7}},"41":{"start":{"line":95,"column":31},"end":{"line":95,"column":76}},"42":{"start":{"line":96,"column":20},"end":{"line":96,"column":147}},"43":{"start":{"line":97,"column":23},"end":{"line":104,"column":9}},"44":{"start":{"line":105,"column":8},"end":{"line":114,"column":11}},"45":{"start":{"line":106,"column":12},"end":{"line":109,"column":13}},"46":{"start":{"line":107,"column":16},"end":{"line":107,"column":28}},"47":{"start":{"line":108,"column":16},"end":{"line":108,"column":23}},"48":{"start":{"line":110,"column":12},"end":{"line":113,"column":15}},"49":{"start":{"line":119,"column":4},"end":{"line":132,"column":7}},"50":{"start":{"line":120,"column":20},"end":{"line":120,"column":57}},"51":{"start":{"line":121,"column":8},"end":{"line":131,"column":11}},"52":{"start":{"line":122,"column":12},"end":{"line":125,"column":13}},"53":{"start":{"line":123,"column":16},"end":{"line":123,"column":28}},"54":{"start":{"line":124,"column":16},"end":{"line":124,"column":23}},"55":{"start":{"line":126,"column":12},"end":{"line":129,"column":13}},"56":{"start":{"line":127,"column":16},"end":{"line":127,"column":67}},"57":{"start":{"line":128,"column":16},"end":{"line":128,"column":23}},"58":{"start":{"line":130,"column":12},"end":{"line":130,"column":55}},"59":{"start":{"line":135,"column":0},"end":{"line":141,"column":1}}},"fnMap":{"0":{"name":"getTokens","decl":{"start":{"line":12,"column":9},"end":{"line":12,"column":18}},"loc":{"start":{"line":12,"column":21},"end":{"line":33,"column":1}},"line":12},"1":{"name":"(anonymous_1)","decl":{"start":{"line":13,"column":23},"end":{"line":13,"column":24}},"loc":{"start":{"line":13,"column":44},"end":{"line":32,"column":5}},"line":13},"2":{"name":"(anonymous_2)","decl":{"start":{"line":15,"column":24},"end":{"line":15,"column":25}},"loc":{"start":{"line":15,"column":39},"end":{"line":31,"column":9}},"line":15},"3":{"name":"(anonymous_3)","decl":{"start":{"line":20,"column":36},"end":{"line":20,"column":37}},"loc":{"start":{"line":20,"column":44},"end":{"line":28,"column":13}},"line":20},"4":{"name":"getTokensById","decl":{"start":{"line":36,"column":9},"end":{"line":36,"column":22}},"loc":{"start":{"line":36,"column":28},"end":{"line":64,"column":1}},"line":36},"5":{"name":"(anonymous_5)","decl":{"start":{"line":37,"column":23},"end":{"line":37,"column":24}},"loc":{"start":{"line":37,"column":44},"end":{"line":62,"column":5}},"line":37},"6":{"name":"(anonymous_6)","decl":{"start":{"line":42,"column":37},"end":{"line":42,"column":38}},"loc":{"start":{"line":42,"column":43},"end":{"line":42,"column":46}},"line":42},"7":{"name":"(anonymous_7)","decl":{"start":{"line":46,"column":25},"end":{"line":46,"column":26}},"loc":{"start":{"line":46,"column":40},"end":{"line":61,"column":9}},"line":46},"8":{"name":"(anonymous_8)","decl":{"start":{"line":51,"column":36},"end":{"line":51,"column":37}},"loc":{"start":{"line":51,"column":44},"end":{"line":59,"column":13}},"line":51},"9":{"name":"updateToken","decl":{"start":{"line":66,"column":9},"end":{"line":66,"column":20}},"loc":{"start":{"line":66,"column":34},"end":{"line":91,"column":1}},"line":66},"10":{"name":"(anonymous_10)","decl":{"start":{"line":67,"column":23},"end":{"line":67,"column":24}},"loc":{"start":{"line":67,"column":44},"end":{"line":90,"column":5}},"line":67},"11":{"name":"(anonymous_11)","decl":{"start":{"line":80,"column":28},"end":{"line":80,"column":29}},"loc":{"start":{"line":80,"column":42},"end":{"line":89,"column":9}},"line":80},"12":{"name":"addToken","decl":{"start":{"line":93,"column":9},"end":{"line":93,"column":17}},"loc":{"start":{"line":93,"column":29},"end":{"line":116,"column":1}},"line":93},"13":{"name":"(anonymous_13)","decl":{"start":{"line":94,"column":23},"end":{"line":94,"column":24}},"loc":{"start":{"line":94,"column":44},"end":{"line":115,"column":5}},"line":94},"14":{"name":"(anonymous_14)","decl":{"start":{"line":105,"column":28},"end":{"line":105,"column":29}},"loc":{"start":{"line":105,"column":42},"end":{"line":114,"column":9}},"line":105},"15":{"name":"deleteToken","decl":{"start":{"line":118,"column":9},"end":{"line":118,"column":20}},"loc":{"start":{"line":118,"column":25},"end":{"line":133,"column":1}},"line":118},"16":{"name":"(anonymous_16)","decl":{"start":{"line":119,"column":23},"end":{"line":119,"column":24}},"loc":{"start":{"line":119,"column":44},"end":{"line":132,"column":5}},"line":119},"17":{"name":"(anonymous_17)","decl":{"start":{"line":121,"column":26},"end":{"line":121,"column":27}},"loc":{"start":{"line":121,"column":40},"end":{"line":131,"column":9}},"line":121}},"branchMap":{"0":{"loc":{"start":{"line":8,"column":0},"end":{"line":10,"column":1}},"type":"if","locations":[{"start":{"line":8,"column":0},"end":{"line":10,"column":1}},{"start":{},"end":{}}],"line":8},"1":{"loc":{"start":{"line":16,"column":12},"end":{"line":19,"column":13}},"type":"if","locations":[{"start":{"line":16,"column":12},"end":{"line":19,"column":13}},{"start":{},"end":{}}],"line":16},"2":{"loc":{"start":{"line":38,"column":8},"end":{"line":41,"column":9}},"type":"if","locations":[{"start":{"line":38,"column":8},"end":{"line":41,"column":9}},{"start":{},"end":{}}],"line":38},"3":{"loc":{"start":{"line":38,"column":12},"end":{"line":38,"column":36}},"type":"binary-expr","locations":[{"start":{"line":38,"column":12},"end":{"line":38,"column":16}},{"start":{"line":38,"column":20},"end":{"line":38,"column":36}}],"line":38},"4":{"loc":{"start":{"line":47,"column":12},"end":{"line":50,"column":13}},"type":"if","locations":[{"start":{"line":47,"column":12},"end":{"line":50,"column":13}},{"start":{},"end":{}}],"line":47},"5":{"loc":{"start":{"line":81,"column":12},"end":{"line":84,"column":13}},"type":"if","locations":[{"start":{"line":81,"column":12},"end":{"line":84,"column":13}},{"start":{},"end":{}}],"line":81},"6":{"loc":{"start":{"line":85,"column":12},"end":{"line":87,"column":13}},"type":"if","locations":[{"start":{"line":85,"column":12},"end":{"line":87,"column":13}},{"start":{},"end":{}}],"line":85},"7":{"loc":{"start":{"line":106,"column":12},"end":{"line":109,"column":13}},"type":"if","locations":[{"start":{"line":106,"column":12},"end":{"line":109,"column":13}},{"start":{},"end":{}}],"line":106},"8":{"loc":{"start":{"line":122,"column":12},"end":{"line":125,"column":13}},"type":"if","locations":[{"start":{"line":122,"column":12},"end":{"line":125,"column":13}},{"start":{},"end":{}}],"line":122},"9":{"loc":{"start":{"line":126,"column":12},"end":{"line":129,"column":13}},"type":"if","locations":[{"start":{"line":126,"column":12},"end":{"line":129,"column":13}},{"start":{},"end":{}}],"line":126}},"s":{"0":1,"1":1,"2":1,"3":1,"4":1,"5":0,"6":9,"7":9,"8":9,"9":9,"10":0,"11":0,"12":9,"13":229,"14":9,"15":20,"16":20,"17":2,"18":2,"19":18,"20":69,"21":18,"22":18,"23":18,"24":0,"25":0,"26":18,"27":65,"28":18,"29":6,"30":6,"31":5,"32":5,"33":5,"34":5,"35":0,"36":0,"37":5,"38":1,"39":5,"40":94,"41":94,"42":93,"43":93,"44":93,"45":93,"46":1,"47":1,"48":92,"49":101,"50":101,"51":101,"52":101,"53":0,"54":0,"55":101,"56":9,"57":9,"58":92,"59":1},"f":{"0":9,"1":9,"2":9,"3":229,"4":20,"5":20,"6":69,"7":18,"8":65,"9":6,"10":6,"11":5,"12":94,"13":94,"14":93,"15":101,"16":101,"17":101},"b":{"0":[0,1],"1":[0,9],"2":[2,18],"3":[20,19],"4":[0,18],"5":[0,5],"6":[1,4],"7":[1,92],"8":[0,101],"9":[9,92]},"_coverageSchema":"1a1c01bbd47fc00a2c39e90264f33305004495a9","hash":"0fcfd8ff4642dad41f0475f211771d22313da25c"}
,"/Users/meenu/Desktop/MCA/year ii/sem iii/internship/chinese-whispers/src/utils/encryption.js": {"path":"/Users/meenu/Desktop/MCA/year ii/sem iii/internship/chinese-whispers/src/utils/encryption.js","statementMap":{"0":{"start":{"line":1,"column":15},"end":{"line":1,"column":32}},"1":{"start":{"line":3,"column":16},"end":{"line":16,"column":1}},"2":{"start":{"line":4,"column":13},"end":{"line":4,"column":54}},"3":{"start":{"line":5,"column":17},"end":{"line":9,"column":3}},"4":{"start":{"line":10,"column":19},"end":{"line":10,"column":61}},"5":{"start":{"line":11,"column":2},"end":{"line":11,"column":39}},"6":{"start":{"line":12,"column":14},"end":{"line":12,"column":52}},"7":{"start":{"line":14,"column":2},"end":{"line":14,"column":37}},"8":{"start":{"line":18,"column":16},"end":{"line":47,"column":1}},"9":{"start":{"line":20,"column":4},"end":{"line":22,"column":5}},"10":{"start":{"line":21,"column":8},"end":{"line":21,"column":78}},"11":{"start":{"line":24,"column":18},"end":{"line":24,"column":43}},"12":{"start":{"line":25,"column":4},"end":{"line":27,"column":5}},"13":{"start":{"line":26,"column":8},"end":{"line":26,"column":91}},"14":{"start":{"line":29,"column":34},"end":{"line":29,"column":39}},"15":{"start":{"line":31,"column":4},"end":{"line":33,"column":5}},"16":{"start":{"line":32,"column":8},"end":{"line":32,"column":82}},"17":{"start":{"line":35,"column":21},"end":{"line":39,"column":5}},"18":{"start":{"line":41,"column":4},"end":{"line":41,"column":52}},"19":{"start":{"line":43,"column":20},"end":{"line":43,"column":65}},"20":{"start":{"line":44,"column":4},"end":{"line":44,"column":40}},"21":{"start":{"line":46,"column":4},"end":{"line":46,"column":21}},"22":{"start":{"line":49,"column":0},"end":{"line":52,"column":1}}},"fnMap":{"0":{"name":"(anonymous_0)","decl":{"start":{"line":3,"column":16},"end":{"line":3,"column":17}},"loc":{"start":{"line":3,"column":36},"end":{"line":16,"column":1}},"line":3},"1":{"name":"(anonymous_1)","decl":{"start":{"line":18,"column":16},"end":{"line":18,"column":17}},"loc":{"start":{"line":18,"column":41},"end":{"line":47,"column":1}},"line":18}},"branchMap":{"0":{"loc":{"start":{"line":20,"column":4},"end":{"line":22,"column":5}},"type":"if","locations":[{"start":{"line":20,"column":4},"end":{"line":22,"column":5}},{"start":{},"end":{}}],"line":20},"1":{"loc":{"start":{"line":20,"column":8},"end":{"line":20,"column":61}},"type":"binary-expr","locations":[{"start":{"line":20,"column":8},"end":{"line":20,"column":23}},{"start":{"line":20,"column":27},"end":{"line":20,"column":61}}],"line":20},"2":{"loc":{"start":{"line":25,"column":4},"end":{"line":27,"column":5}},"type":"if","locations":[{"start":{"line":25,"column":4},"end":{"line":27,"column":5}},{"start":{},"end":{}}],"line":25},"3":{"loc":{"start":{"line":31,"column":4},"end":{"line":33,"column":5}},"type":"if","locations":[{"start":{"line":31,"column":4},"end":{"line":33,"column":5}},{"start":{},"end":{}}],"line":31},"4":{"loc":{"start":{"line":31,"column":8},"end":{"line":31,"column":34}},"type":"binary-expr","locations":[{"start":{"line":31,"column":8},"end":{"line":31,"column":11}},{"start":{"line":31,"column":15},"end":{"line":31,"column":26}},{"start":{"line":31,"column":30},"end":{"line":31,"column":34}}],"line":31}},"s":{"0":1,"1":1,"2":100,"3":100,"4":100,"5":98,"6":98,"7":98,"8":1,"9":65,"10":0,"11":65,"12":65,"13":0,"14":65,"15":65,"16":0,"17":65,"18":65,"19":65,"20":65,"21":65,"22":1},"f":{"0":100,"1":65},"b":{"0":[0,65],"1":[65,65],"2":[0,65],"3":[0,65],"4":[65,65,65]},"_coverageSchema":"1a1c01bbd47fc00a2c39e90264f33305004495a9","hash":"705a35bab4b7166cabb9f646e8f81d576658fbe9"}
}
