TN:
SF:src/models/db.js
FN:9,(anonymous_0)
FNF:1
FNH:1
FNDA:1,(anonymous_0)
DA:1,1
DA:2,1
DA:5,1
DA:9,1
DA:10,1
DA:11,0
DA:13,1
DA:16,1
LF:8
LH:7
BRDA:10,0,0,0
BRDA:10,0,1,1
BRF:2
BRH:1
end_of_record
TN:
SF:src/models/tokenModels.js
FN:12,getTokens
FN:13,(anonymous_1)
FN:15,(anonymous_2)
FN:20,(anonymous_3)
FN:36,getTokensById
FN:37,(anonymous_5)
FN:42,(anonymous_6)
FN:46,(anonymous_7)
FN:51,(anonymous_8)
FN:66,updateToken
FN:67,(anonymous_10)
FN:80,(anonymous_11)
FN:93,addToken
FN:94,(anonymous_13)
FN:105,(anonymous_14)
FN:118,deleteToken
FN:119,(anonymous_16)
FN:121,(anonymous_17)
FNF:18
FNH:18
FNDA:9,getTokens
FNDA:9,(anonymous_1)
FNDA:9,(anonymous_2)
FNDA:229,(anonymous_3)
FNDA:20,getTokensById
FNDA:20,(anonymous_5)
FNDA:69,(anonymous_6)
FNDA:18,(anonymous_7)
FNDA:65,(anonymous_8)
FNDA:6,updateToken
FNDA:6,(anonymous_10)
FNDA:5,(anonymous_11)
FNDA:94,addToken
FNDA:94,(anonymous_13)
FNDA:93,(anonymous_14)
FNDA:101,deleteToken
FNDA:101,(anonymous_16)
FNDA:101,(anonymous_17)
DA:1,1
DA:2,1
DA:4,1
DA:6,1
DA:8,1
DA:9,0
DA:13,9
DA:14,9
DA:15,9
DA:16,9
DA:17,0
DA:18,0
DA:20,229
DA:30,9
DA:37,20
DA:38,20
DA:39,2
DA:40,2
DA:42,69
DA:44,18
DA:46,18
DA:47,18
DA:48,0
DA:49,0
DA:51,65
DA:60,18
DA:67,6
DA:68,6
DA:69,5
DA:70,5
DA:80,5
DA:81,5
DA:82,0
DA:83,0
DA:85,5
DA:86,1
DA:88,5
DA:94,94
DA:95,94
DA:96,93
DA:97,93
DA:105,93
DA:106,93
DA:107,1
DA:108,1
DA:110,92
DA:119,101
DA:120,101
DA:121,101
DA:122,101
DA:123,0
DA:124,0
DA:126,101
DA:127,9
DA:128,9
DA:130,92
DA:135,1
LF:57
LH:48
BRDA:8,0,0,0
BRDA:8,0,1,1
BRDA:16,1,0,0
BRDA:16,1,1,9
BRDA:38,2,0,2
BRDA:38,2,1,18
BRDA:38,3,0,20
BRDA:38,3,1,19
BRDA:47,4,0,0
BRDA:47,4,1,18
BRDA:81,5,0,0
BRDA:81,5,1,5
BRDA:85,6,0,1
BRDA:85,6,1,4
BRDA:106,7,0,1
BRDA:106,7,1,92
BRDA:122,8,0,0
BRDA:122,8,1,101
BRDA:126,9,0,9
BRDA:126,9,1,92
BRF:20
BRH:15
end_of_record
TN:
SF:src/utils/encryption.js
FN:3,(anonymous_0)
FN:18,(anonymous_1)
FNF:2
FNH:2
FNDA:100,(anonymous_0)
FNDA:65,(anonymous_1)
DA:1,1
DA:3,1
DA:4,100
DA:5,100
DA:10,100
DA:11,98
DA:12,98
DA:14,98
DA:18,1
DA:20,65
DA:21,0
DA:24,65
DA:25,65
DA:26,0
DA:29,65
DA:31,65
DA:32,0
DA:35,65
DA:41,65
DA:43,65
DA:44,65
DA:46,65
DA:49,1
LF:23
LH:20
BRDA:20,0,0,0
BRDA:20,0,1,65
BRDA:20,1,0,65
BRDA:20,1,1,65
BRDA:25,2,0,0
BRDA:25,2,1,65
BRDA:31,3,0,0
BRDA:31,3,1,65
BRDA:31,4,0,65
BRDA:31,4,1,65
BRDA:31,4,2,65
BRF:11
BRH:8
end_of_record
